OpenROAD 0a6d0fd469bc674417036342994520ee2e0a2727 
This program is licensed under the BSD-3 license. See the LICENSE file for details.
Components of this program may be licensed under more restrictive licenses which must be honored.
[INFO]: Reading ODB at '/openlane/designs/project/runs/RUN_2023.11.12_07.32.24/results/cts/wrapper.odb'…
define_corners Typical
read_liberty -corner Typical /openlane/designs/project/src/sky130_fd_sc_hd__tt_025C_1v80.lib
[WARNING STA-0060] /openlane/designs/project/src/sky130_fd_sc_hd__tt_025C_1v80.lib line 1, default_operating_condition OC not found.
read_liberty -corner Typical /openlane/designs/project/src/sky130_sram_1kbyte_1rw1r_32x256_8_TT_1p8V_25C.lib
Using 1e-12 for capacitance...
Using 1e+03 for resistance...
Using 1e-09 for time...
Using 1e+00 for voltage...
Using 1e-03 for current...
Using 1e-09 for power...
Using 1e-06 for distance...
Reading design constraints file at '/openlane/scripts/base.sdc'…
[INFO]: Setting output delay to: 5.0
[INFO]: Setting input delay to: 5.0
[INFO]: Setting load to: 0.033442
[INFO]: Setting clock uncertainty to: 0.25
[INFO]: Setting clock transition to: 0.15
[INFO]: Setting timing derate to: 5.0 %
[WARNING PDN-0231] data_mem is not connected to any power/ground nets.
[WARNING PDN-0231] inst_mem is not connected to any power/ground nets.
[WARNING PDN-0189] Supply pin vccd1 of instance data_mem is not connected to any net.
[WARNING PDN-0189] Supply pin vssd1 of instance data_mem is not connected to any net.
[WARNING PDN-0189] Supply pin vccd1 of instance inst_mem is not connected to any net.
[WARNING PDN-0189] Supply pin vssd1 of instance inst_mem is not connected to any net.
[INFO PDN-0001] Inserting grid: stdcell_grid
[INFO PSM-0076] Setting metal node density to be standard cell height times 5.
[INFO PSM-0031] Number of PDN nodes on net vccd1 = 31429.
[INFO PSM-0064] Number of voltage sources = 1297.
[INFO PSM-0040] All PDN stripes on net vccd1 are connected.
[INFO PSM-0076] Setting metal node density to be standard cell height times 5.
[INFO PSM-0031] Number of PDN nodes on net vssd1 = 31488.
[INFO PSM-0064] Number of voltage sources = 1297.
[INFO PSM-0040] All PDN stripes on net vssd1 are connected.
Setting global connections for newly added cells…
Writing OpenROAD database to '/openlane/designs/project/runs/RUN_2023.11.12_07.32.24/results/floorplan/wrapper.odb'…
Writing layout to '/openlane/designs/project/runs/RUN_2023.11.12_07.32.24/results/floorplan/wrapper.def'…
