OpenROAD 0a6d0fd469bc674417036342994520ee2e0a2727 
This program is licensed under the BSD-3 license. See the LICENSE file for details.
Components of this program may be licensed under more restrictive licenses which must be honored.
define_corners Typical
read_liberty -corner Typical /openlane/designs/project/src/sky130_fd_sc_hd__tt_025C_1v80.lib
[WARNING STA-0060] /openlane/designs/project/src/sky130_fd_sc_hd__tt_025C_1v80.lib line 1, default_operating_condition OC not found.
read_liberty -corner Typical /openlane/designs/project/src/sky130_sram_1kbyte_1rw1r_32x256_8_TT_1p8V_25C.lib
Using 1e-12 for capacitance...
Using 1e+03 for resistance...
Using 1e-09 for time...
Using 1e+00 for voltage...
Using 1e-03 for current...
Using 1e-09 for power...
Using 1e-06 for distance...
[INFO ODB-0222] Reading LEF file: /openlane/designs/project/runs/RUN_2023.11.12_07.32.24/tmp/merged.nom.lef
[INFO ODB-0223]     Created 13 technology layers
[INFO ODB-0224]     Created 25 technology vias
[INFO ODB-0225]     Created 443 library cells
[INFO ODB-0226] Finished LEF file:  /openlane/designs/project/runs/RUN_2023.11.12_07.32.24/tmp/merged.nom.lef
Reading netlist '/openlane/designs/project/runs/RUN_2023.11.12_07.32.24/results/synthesis/wrapper.v'…
Reading design constraints file at '/openlane/scripts/base.sdc'…
[INFO]: Setting output delay to: 5.0
[INFO]: Setting input delay to: 5.0
[INFO]: Setting load to: 0.033442
[INFO]: Setting clock uncertainty to: 0.25
[INFO]: Setting clock transition to: 0.15
[INFO]: Setting timing derate to: 5.0 %
[INFO IFP-0001] Added 481 rows of 2847 site unithd with height 1.
[INFO IFP-0030] Inserted 0 tiecells using sky130_fd_sc_hd__conb_1/LO.
[INFO IFP-0030] Inserted 0 tiecells using sky130_fd_sc_hd__conb_1/HI.
[INFO] Extracting DIE_AREA and CORE_AREA from the floorplan
[INFO] Floorplanned on a die area of 0.0 0.0 1321.06 1331.78 (microns). Saving to /openlane/designs/project/runs/RUN_2023.11.12_07.32.24/reports/floorplan/3-initial_fp_die_area.rpt.
[INFO] Floorplanned on a core area of 5.52 10.88 1315.14 1319.2 (microns). Saving to /openlane/designs/project/runs/RUN_2023.11.12_07.32.24/reports/floorplan/3-initial_fp_core_area.rpt.
Writing OpenROAD database to '/openlane/designs/project/runs/RUN_2023.11.12_07.32.24/tmp/floorplan/3-initial_fp.odb'…
Writing layout to '/openlane/designs/project/runs/RUN_2023.11.12_07.32.24/tmp/floorplan/3-initial_fp.def'…
Writing timing constraints to '/openlane/designs/project/runs/RUN_2023.11.12_07.32.24/tmp/floorplan/3-initial_fp.sdc'…
