OpenROAD 0a6d0fd469bc674417036342994520ee2e0a2727 
This program is licensed under the BSD-3 license. See the LICENSE file for details.
Components of this program may be licensed under more restrictive licenses which must be honored.
[INFO]: Reading ODB at '/openlane/designs/project/runs/RUN_2023.11.12_07.32.24/results/floorplan/wrapper.odb'…
define_corners Typical
read_liberty -corner Typical /openlane/designs/project/src/sky130_fd_sc_hd__tt_025C_1v80.lib
[WARNING STA-0060] /openlane/designs/project/src/sky130_fd_sc_hd__tt_025C_1v80.lib line 1, default_operating_condition OC not found.
read_liberty -corner Typical /openlane/designs/project/src/sky130_sram_1kbyte_1rw1r_32x256_8_TT_1p8V_25C.lib
Using 1e-12 for capacitance...
Using 1e+03 for resistance...
Using 1e-09 for time...
Using 1e+00 for voltage...
Using 1e-03 for current...
Using 1e-09 for power...
Using 1e-06 for distance...
Reading design constraints file at '/openlane/scripts/base.sdc'…
[INFO]: Setting output delay to: 5.0
[INFO]: Setting input delay to: 5.0
[INFO]: Setting load to: 0.033442
[INFO]: Setting clock uncertainty to: 0.25
[INFO]: Setting clock transition to: 0.15
[INFO]: Setting timing derate to: 5.0 %
[INFO]: Setting RC values...
[INFO]: Setting signal min routing layer to: met1 and clock min routing layer to met1. 
[INFO]: Setting signal max routing layer to: met5 and clock max routing layer to met5. 
[INFO GPL-0002] DBU: 1000
[INFO GPL-0003] SiteSize: 460 2720
[INFO GPL-0004] CoreAreaLxLy: 5520 10880
[INFO GPL-0005] CoreAreaUxUy: 1315140 1319200
[INFO GPL-0006] NumInstances: 36165
[INFO GPL-0007] NumPlaceInstances: 15412
[INFO GPL-0008] NumFixedInstances: 20149
[INFO GPL-0009] NumDummyInstances: 604
[INFO GPL-0010] NumNets: 15546
[INFO GPL-0011] NumPins: 49055
[INFO GPL-0012] DieAreaLxLy: 0 0
[INFO GPL-0013] DieAreaUxUy: 1321060 1331780
[INFO GPL-0014] CoreAreaLxLy: 5520 10880
[INFO GPL-0015] CoreAreaUxUy: 1315140 1319200
[INFO GPL-0016] CoreArea: 1713402038400
[INFO GPL-0017] NonPlaceInstsArea: 449418528000
[INFO GPL-0018] PlaceInstsArea: 133420460800
[INFO GPL-0019] Util(%): 10.56
[INFO GPL-0020] StdInstsArea: 133420460800
[INFO GPL-0021] MacroInstsArea: 0
[InitialPlace]  Iter: 1 CG residual: 0.01632643 HPWL: 423713860
[InitialPlace]  Iter: 2 CG residual: 0.00159163 HPWL: 351191567
[InitialPlace]  Iter: 3 CG residual: 0.00172758 HPWL: 349650623
[InitialPlace]  Iter: 4 CG residual: 0.00128956 HPWL: 348750300
[InitialPlace]  Iter: 5 CG residual: 0.00045400 HPWL: 349073901
[InitialPlace]  Iter: 6 CG residual: 0.00015856 HPWL: 349984243
[InitialPlace]  Iter: 7 CG residual: 0.00004404 HPWL: 350418502
[InitialPlace]  Iter: 8 CG residual: 0.00002549 HPWL: 350854408
[InitialPlace]  Iter: 9 CG residual: 0.00003656 HPWL: 350864385
[InitialPlace]  Iter: 10 CG residual: 0.00002123 HPWL: 351094540
[InitialPlace]  Iter: 11 CG residual: 0.00000644 HPWL: 351019789
[INFO GPL-0031] FillerInit: NumGCells: 60644
[INFO GPL-0032] FillerInit: NumGNets: 15546
[INFO GPL-0033] FillerInit: NumGPins: 49055
[INFO GPL-0023] TargetDensity: 0.40
[INFO GPL-0024] AveragePlaceInstArea: 8656920
[INFO GPL-0025] IdealBinArea: 21642300
[INFO GPL-0026] IdealBinCnt: 79169
[INFO GPL-0027] TotalBinArea: 1713402038400
[INFO GPL-0028] BinCnt: 256 256
[INFO GPL-0029] BinSize: 5116 5111
[INFO GPL-0030] NumBins: 65536
[NesterovSolve] Iter: 1 overflow: 0.992476 HPWL: 98172207
[NesterovSolve] Iter: 10 overflow: 0.988371 HPWL: 123148352
[NesterovSolve] Iter: 20 overflow: 0.987077 HPWL: 128579421
[NesterovSolve] Iter: 30 overflow: 0.987466 HPWL: 130966345
[NesterovSolve] Iter: 40 overflow: 0.987859 HPWL: 131681500
[NesterovSolve] Iter: 50 overflow: 0.986037 HPWL: 133372414
[NesterovSolve] Iter: 60 overflow: 0.983292 HPWL: 135174639
[NesterovSolve] Iter: 70 overflow: 0.981319 HPWL: 136295928
[NesterovSolve] Iter: 80 overflow: 0.980248 HPWL: 136698666
[NesterovSolve] Iter: 90 overflow: 0.979712 HPWL: 136217184
[NesterovSolve] Iter: 100 overflow: 0.979257 HPWL: 135257017
[NesterovSolve] Iter: 110 overflow: 0.978873 HPWL: 134454700
[NesterovSolve] Iter: 120 overflow: 0.978441 HPWL: 134315383
[NesterovSolve] Iter: 130 overflow: 0.977575 HPWL: 135155222
[NesterovSolve] Iter: 140 overflow: 0.976605 HPWL: 137402131
[NesterovSolve] Iter: 150 overflow: 0.975424 HPWL: 141836348
[NesterovSolve] Iter: 160 overflow: 0.973458 HPWL: 148742092
[NesterovSolve] Iter: 170 overflow: 0.97104 HPWL: 157006865
[NesterovSolve] Iter: 180 overflow: 0.967745 HPWL: 166942761
[NesterovSolve] Iter: 190 overflow: 0.963303 HPWL: 181196658
[NesterovSolve] Iter: 200 overflow: 0.956668 HPWL: 201925479
[NesterovSolve] Iter: 210 overflow: 0.948723 HPWL: 228871066
[NesterovSolve] Iter: 220 overflow: 0.93953 HPWL: 262317491
[NesterovSolve] Iter: 230 overflow: 0.92554 HPWL: 299575182
[NesterovSolve] Iter: 240 overflow: 0.907547 HPWL: 331581944
[NesterovSolve] Iter: 250 overflow: 0.879851 HPWL: 364471293
[NesterovSolve] Iter: 260 overflow: 0.839167 HPWL: 429721869
[NesterovSolve] Iter: 270 overflow: 0.80229 HPWL: 459632306
[NesterovSolve] Iter: 280 overflow: 0.758683 HPWL: 500913076
[INFO GPL-0100] worst slack 2.98e-09
[INFO GPL-0103] Weighted 1541 nets.
[NesterovSolve] Iter: 290 overflow: 0.712403 HPWL: 494258731
[NesterovSolve] Iter: 300 overflow: 0.670013 HPWL: 510810692
[NesterovSolve] Iter: 310 overflow: 0.625553 HPWL: 539346164
[INFO GPL-0100] worst slack 6.54e-10
[INFO GPL-0103] Weighted 1542 nets.
[NesterovSolve] Snapshot saved at iter = 315
[NesterovSolve] Iter: 320 overflow: 0.576622 HPWL: 550825517
[NesterovSolve] Iter: 330 overflow: 0.534252 HPWL: 561770338
[NesterovSolve] Iter: 340 overflow: 0.488624 HPWL: 576684959
[NesterovSolve] Iter: 350 overflow: 0.448277 HPWL: 591460547
[INFO GPL-0100] worst slack 2.07e-09
[INFO GPL-0103] Weighted 1541 nets.
[NesterovSolve] Iter: 360 overflow: 0.399855 HPWL: 600240973
[NesterovSolve] Iter: 370 overflow: 0.359841 HPWL: 597213878
[NesterovSolve] Iter: 380 overflow: 0.328978 HPWL: 594564554
[NesterovSolve] Iter: 390 overflow: 0.29758 HPWL: 595107603
[NesterovSolve] Iter: 400 overflow: 0.2704 HPWL: 591924845
[NesterovSolve] Iter: 410 overflow: 0.245212 HPWL: 591420258
[INFO GPL-0100] worst slack 3.27e-09
[INFO GPL-0103] Weighted 1541 nets.
[NesterovSolve] Iter: 420 overflow: 0.223607 HPWL: 592735371
[NesterovSolve] Iter: 430 overflow: 0.202243 HPWL: 593220183
[INFO GPL-0075] Routability numCall: 1 inflationIterCnt: 1 bloatIterCnt: 0
[INFO GPL-0036] TileLxLy: 0 0
[INFO GPL-0037] TileSize: 6900 6900
[INFO GPL-0038] TileCnt: 191 193
[INFO GPL-0039] numRoutingLayers: 6
[INFO GPL-0040] NumTiles: 36863
[INFO GPL-0063] TotalRouteOverflowH2: 2.7999998331069946
[INFO GPL-0064] TotalRouteOverflowV2: 0.6333335638046265
[INFO GPL-0065] OverflowTileCnt2: 21
[INFO GPL-0066] 0.5%RC: 1.0063348412513733
[INFO GPL-0067] 1.0%RC: 1.0031674206256866
[INFO GPL-0068] 2.0%RC: 1.0015837103128433
[INFO GPL-0069] 5.0%RC: 0.9479407057365051
[INFO GPL-0070] 0.5rcK: 1.0
[INFO GPL-0071] 1.0rcK: 1.0
[INFO GPL-0072] 2.0rcK: 0.0
[INFO GPL-0073] 5.0rcK: 0.0
[INFO GPL-0074] FinalRC: 1.0047511
[NesterovSolve] Iter: 440 overflow: 0.182089 HPWL: 593578698
[INFO GPL-0100] worst slack 3.45e-09
[INFO GPL-0103] Weighted 1542 nets.
[NesterovSolve] Iter: 450 overflow: 0.163141 HPWL: 593020601
[NesterovSolve] Iter: 460 overflow: 0.145015 HPWL: 589243371
[NesterovSolve] Iter: 470 overflow: 0.125236 HPWL: 587807623
[NesterovSolve] Iter: 480 overflow: 0.107903 HPWL: 588232880
[INFO GPL-0100] worst slack 3.6e-09
[INFO GPL-0103] Weighted 1541 nets.
[NesterovSolve] Finished with Overflow: 0.099303
Setting global connections for newly added cells…
Writing OpenROAD database to '/openlane/designs/project/runs/RUN_2023.11.12_07.32.24/tmp/placement/8-global.odb'…
Writing netlist to '/openlane/designs/project/runs/RUN_2023.11.12_07.32.24/tmp/placement/8-global.nl.v'…
Writing powered netlist to '/openlane/designs/project/runs/RUN_2023.11.12_07.32.24/tmp/placement/8-global.pnl.v'…
Writing layout to '/openlane/designs/project/runs/RUN_2023.11.12_07.32.24/tmp/placement/8-global.def'…
