OpenROAD 0a6d0fd469bc674417036342994520ee2e0a2727 
This program is licensed under the BSD-3 license. See the LICENSE file for details.
Components of this program may be licensed under more restrictive licenses which must be honored.
[INFO]: Reading ODB at '/openlane/designs/project/runs/RUN_2023.11.12_07.32.24/results/floorplan/wrapper.odb'…
define_corners Slowest Typical Fastest
read_liberty -corner Slowest /openlane/designs/project/src/sky130_fd_sc_hd__ss_100C_1v60.lib
read_liberty -corner Slowest /openlane/designs/project/src/sky130_sram_1kbyte_1rw1r_32x256_8_TT_1p8V_25C.lib
read_liberty -corner Typical /openlane/designs/project/src/sky130_fd_sc_hd__tt_025C_1v80.lib
[WARNING STA-0060] /openlane/designs/project/src/sky130_fd_sc_hd__tt_025C_1v80.lib line 1, default_operating_condition OC not found.
read_liberty -corner Typical /openlane/designs/project/src/sky130_sram_1kbyte_1rw1r_32x256_8_TT_1p8V_25C.lib
[WARNING STA-0053] /openlane/designs/project/src/sky130_sram_1kbyte_1rw1r_32x256_8_TT_1p8V_25C.lib line 1, library sky130_sram_1kbyte_1rw1r_32x256_8_TT_1p8V_25C_lib already exists.
read_liberty -corner Fastest /openlane/designs/project/src/sky130_fd_sc_hd__ff_100C_1v65.lib
read_liberty -corner Fastest /openlane/designs/project/src/sky130_sram_1kbyte_1rw1r_32x256_8_TT_1p8V_25C.lib
[WARNING STA-0053] /openlane/designs/project/src/sky130_sram_1kbyte_1rw1r_32x256_8_TT_1p8V_25C.lib line 1, library sky130_sram_1kbyte_1rw1r_32x256_8_TT_1p8V_25C_lib already exists.
Using 1e-12 for capacitance...
Using 1e+03 for resistance...
Using 1e-09 for time...
Using 1e+00 for voltage...
Using 1e-03 for current...
Using 1e-09 for power...
Using 1e-06 for distance...
Reading design constraints file at '/openlane/scripts/base.sdc'…
[INFO]: Setting output delay to: 5.0
[INFO]: Setting input delay to: 5.0
[INFO]: Setting load to: 0.033442
[INFO]: Setting clock uncertainty to: 0.25
[INFO]: Setting clock transition to: 0.15
[INFO]: Setting timing derate to: 5.0 %
[INFO]: Setting signal min routing layer to: met1 and clock min routing layer to met1. 
[INFO]: Setting signal max routing layer to: met5 and clock max routing layer to met5. 
-congestion_iterations 150 -verbose -congestion_report_file /openlane/designs/project/runs/RUN_2023.11.12_07.32.24/tmp/routing/resizer-routing-design-congestion.rpt
[INFO GRT-0020] Min routing layer: met1
[INFO GRT-0021] Max routing layer: met5
[INFO GRT-0022] Global adjustment: 30%
[INFO GRT-0023] Grid origin: (0, 0)
[INFO GRT-0043] No OR_DEFAULT vias defined.
[INFO GRT-0088] Layer li1     Track-Pitch = 0.4600  line-2-Via Pitch: 0.3400
[INFO GRT-0088] Layer met1    Track-Pitch = 0.3400  line-2-Via Pitch: 0.3400
[INFO GRT-0088] Layer met2    Track-Pitch = 0.4600  line-2-Via Pitch: 0.3500
[INFO GRT-0088] Layer met3    Track-Pitch = 0.6800  line-2-Via Pitch: 0.6150
[INFO GRT-0088] Layer met4    Track-Pitch = 0.9200  line-2-Via Pitch: 1.0400
[INFO GRT-0088] Layer met5    Track-Pitch = 3.4000  line-2-Via Pitch: 3.1100
[INFO GRT-0019] Found 1312 clock nets.
[INFO GRT-0001] Minimum degree: 2
[INFO GRT-0002] Maximum degree: 15
[INFO GRT-0003] Macros: 2
[WARNING GRT-0040] Net vccd1 has wires outside die area.
[WARNING GRT-0040] Net vccd1 has wires outside die area.
[WARNING GRT-0040] Net vccd1 has wires outside die area.
[WARNING GRT-0040] Net vccd1 has wires outside die area.
[WARNING GRT-0040] Net vccd1 has wires outside die area.
[WARNING GRT-0040] Net vccd1 has wires outside die area.
[WARNING GRT-0040] Net vccd1 has wires outside die area.
[WARNING GRT-0040] Net vccd1 has wires outside die area.
[WARNING GRT-0040] Net vccd1 has wires outside die area.
[WARNING GRT-0040] Net vccd1 has wires outside die area.
[WARNING GRT-0040] Net vccd1 has wires outside die area.
[WARNING GRT-0040] Net vccd1 has wires outside die area.
[WARNING GRT-0040] Net vccd1 has wires outside die area.
[WARNING GRT-0040] Net vccd1 has wires outside die area.
[WARNING GRT-0040] Net vccd1 has wires outside die area.
[WARNING GRT-0040] Net vccd1 has wires outside die area.
[WARNING GRT-0040] Net vccd1 has wires outside die area.
[WARNING GRT-0040] Net vccd1 has wires outside die area.
[WARNING GRT-0040] Net vccd1 has wires outside die area.
[WARNING GRT-0040] Net vccd1 has wires outside die area.
[WARNING GRT-0040] Net vccd1 has wires outside die area.
[WARNING GRT-0040] Net vccd1 has wires outside die area.
[WARNING GRT-0040] Net vccd1 has wires outside die area.
[WARNING GRT-0040] Net vccd1 has wires outside die area.
[WARNING GRT-0040] Net vccd1 has wires outside die area.
[WARNING GRT-0040] Net vssd1 has wires outside die area.
[WARNING GRT-0040] Net vssd1 has wires outside die area.
[WARNING GRT-0040] Net vssd1 has wires outside die area.
[WARNING GRT-0040] Net vssd1 has wires outside die area.
[WARNING GRT-0040] Net vssd1 has wires outside die area.
[WARNING GRT-0040] Net vssd1 has wires outside die area.
[WARNING GRT-0040] Net vssd1 has wires outside die area.
[WARNING GRT-0040] Net vssd1 has wires outside die area.
[WARNING GRT-0040] Net vssd1 has wires outside die area.
[WARNING GRT-0040] Net vssd1 has wires outside die area.
[WARNING GRT-0040] Net vssd1 has wires outside die area.
[WARNING GRT-0040] Net vssd1 has wires outside die area.
[WARNING GRT-0040] Net vssd1 has wires outside die area.
[WARNING GRT-0040] Net vssd1 has wires outside die area.
[WARNING GRT-0040] Net vssd1 has wires outside die area.
[WARNING GRT-0040] Net vssd1 has wires outside die area.
[WARNING GRT-0040] Net vssd1 has wires outside die area.
[WARNING GRT-0040] Net vssd1 has wires outside die area.
[WARNING GRT-0040] Net vssd1 has wires outside die area.
[WARNING GRT-0040] Net vssd1 has wires outside die area.
[WARNING GRT-0040] Net vssd1 has wires outside die area.
[WARNING GRT-0040] Net vssd1 has wires outside die area.
[WARNING GRT-0040] Net vssd1 has wires outside die area.
[WARNING GRT-0040] Net vssd1 has wires outside die area.
[WARNING GRT-0040] Net vssd1 has wires outside die area.
[WARNING GRT-0040] Net VPWR has wires outside die area.
[WARNING GRT-0040] Net VPWR has wires outside die area.
[WARNING GRT-0040] Net VPWR has wires outside die area.
[WARNING GRT-0040] Net VPWR has wires outside die area.
[WARNING GRT-0040] Net VPWR has wires outside die area.
[WARNING GRT-0040] Net VPWR has wires outside die area.
[WARNING GRT-0040] Net VPWR has wires outside die area.
[WARNING GRT-0040] Net VPWR has wires outside die area.
[WARNING GRT-0040] Net VPWR has wires outside die area.
[WARNING GRT-0040] Net VPWR has wires outside die area.
[WARNING GRT-0040] Net VPWR has wires outside die area.
[WARNING GRT-0040] Net VPWR has wires outside die area.
[WARNING GRT-0040] Net VPWR has wires outside die area.
[WARNING GRT-0040] Net VPWR has wires outside die area.
[WARNING GRT-0040] Net VPWR has wires outside die area.
[WARNING GRT-0040] Net VPWR has wires outside die area.
[WARNING GRT-0040] Net VPWR has wires outside die area.
[WARNING GRT-0040] Net VPWR has wires outside die area.
[WARNING GRT-0040] Net VPWR has wires outside die area.
[WARNING GRT-0040] Net VPWR has wires outside die area.
[WARNING GRT-0040] Net VPWR has wires outside die area.
[WARNING GRT-0040] Net VPWR has wires outside die area.
[WARNING GRT-0040] Net VPWR has wires outside die area.
[WARNING GRT-0040] Net VPWR has wires outside die area.
[WARNING GRT-0040] Net VPWR has wires outside die area.
[WARNING GRT-0040] Net VGND has wires outside die area.
[WARNING GRT-0040] Net VGND has wires outside die area.
[WARNING GRT-0040] Net VGND has wires outside die area.
[WARNING GRT-0040] Net VGND has wires outside die area.
[WARNING GRT-0040] Net VGND has wires outside die area.
[WARNING GRT-0040] Net VGND has wires outside die area.
[WARNING GRT-0040] Net VGND has wires outside die area.
[WARNING GRT-0040] Net VGND has wires outside die area.
[WARNING GRT-0040] Net VGND has wires outside die area.
[WARNING GRT-0040] Net VGND has wires outside die area.
[WARNING GRT-0040] Net VGND has wires outside die area.
[WARNING GRT-0040] Net VGND has wires outside die area.
[WARNING GRT-0040] Net VGND has wires outside die area.
[WARNING GRT-0040] Net VGND has wires outside die area.
[WARNING GRT-0040] Net VGND has wires outside die area.
[WARNING GRT-0040] Net VGND has wires outside die area.
[WARNING GRT-0040] Net VGND has wires outside die area.
[WARNING GRT-0040] Net VGND has wires outside die area.
[WARNING GRT-0040] Net VGND has wires outside die area.
[WARNING GRT-0040] Net VGND has wires outside die area.
[WARNING GRT-0040] Net VGND has wires outside die area.
[WARNING GRT-0040] Net VGND has wires outside die area.
[WARNING GRT-0040] Net VGND has wires outside die area.
[WARNING GRT-0040] Net VGND has wires outside die area.
[WARNING GRT-0040] Net VGND has wires outside die area.
[WARNING GRT-0040] Net VPB has wires outside die area.
[WARNING GRT-0040] Net VPB has wires outside die area.
[WARNING GRT-0040] Net VPB has wires outside die area.
[WARNING GRT-0040] Net VPB has wires outside die area.
[WARNING GRT-0040] Net VPB has wires outside die area.
[WARNING GRT-0040] Net VPB has wires outside die area.
[WARNING GRT-0040] Net VPB has wires outside die area.
[WARNING GRT-0040] Net VPB has wires outside die area.
[WARNING GRT-0040] Net VPB has wires outside die area.
[WARNING GRT-0040] Net VPB has wires outside die area.
[WARNING GRT-0040] Net VPB has wires outside die area.
[WARNING GRT-0040] Net VPB has wires outside die area.
[WARNING GRT-0040] Net VPB has wires outside die area.
[WARNING GRT-0040] Net VPB has wires outside die area.
[WARNING GRT-0040] Net VPB has wires outside die area.
[WARNING GRT-0040] Net VPB has wires outside die area.
[WARNING GRT-0040] Net VPB has wires outside die area.
[WARNING GRT-0040] Net VPB has wires outside die area.
[WARNING GRT-0040] Net VPB has wires outside die area.
[WARNING GRT-0040] Net VPB has wires outside die area.
[WARNING GRT-0040] Net VPB has wires outside die area.
[WARNING GRT-0040] Net VPB has wires outside die area.
[WARNING GRT-0040] Net VPB has wires outside die area.
[WARNING GRT-0040] Net VPB has wires outside die area.
[WARNING GRT-0040] Net VPB has wires outside die area.
[WARNING GRT-0040] Net VNB has wires outside die area.
[WARNING GRT-0040] Net VNB has wires outside die area.
[WARNING GRT-0040] Net VNB has wires outside die area.
[WARNING GRT-0040] Net VNB has wires outside die area.
[WARNING GRT-0040] Net VNB has wires outside die area.
[WARNING GRT-0040] Net VNB has wires outside die area.
[WARNING GRT-0040] Net VNB has wires outside die area.
[WARNING GRT-0040] Net VNB has wires outside die area.
[WARNING GRT-0040] Net VNB has wires outside die area.
[WARNING GRT-0040] Net VNB has wires outside die area.
[WARNING GRT-0040] Net VNB has wires outside die area.
[WARNING GRT-0040] Net VNB has wires outside die area.
[WARNING GRT-0040] Net VNB has wires outside die area.
[WARNING GRT-0040] Net VNB has wires outside die area.
[WARNING GRT-0040] Net VNB has wires outside die area.
[WARNING GRT-0040] Net VNB has wires outside die area.
[WARNING GRT-0040] Net VNB has wires outside die area.
[WARNING GRT-0040] Net VNB has wires outside die area.
[WARNING GRT-0040] Net VNB has wires outside die area.
[WARNING GRT-0040] Net VNB has wires outside die area.
[WARNING GRT-0040] Net VNB has wires outside die area.
[WARNING GRT-0040] Net VNB has wires outside die area.
[WARNING GRT-0040] Net VNB has wires outside die area.
[WARNING GRT-0040] Net VNB has wires outside die area.
[WARNING GRT-0040] Net VNB has wires outside die area.
[INFO GRT-0004] Blockages: 18305

[INFO GRT-0053] Routing resources analysis:
          Routing      Original      Derated      Resource
Layer     Direction    Resources     Resources    Reduction (%)
---------------------------------------------------------------
li1        Vertical            0             0          0.00%
met1       Horizontal     737260        288663          60.85%
met2       Vertical       552945        288337          47.85%
met3       Horizontal     368630        200696          45.56%
met4       Vertical       221178        103115          53.38%
met5       Horizontal      73726         31350          57.48%
---------------------------------------------------------------

[INFO GRT-0101] Running extra iterations to remove overflow.
[INFO GRT-0197] Via related to pin nodes: 61833
[INFO GRT-0198] Via related Steiner nodes: 2389
[INFO GRT-0199] Via filling finished.
[INFO GRT-0111] Final number of vias: 70957
[INFO GRT-0112] Final usage 3D: 317166

[INFO GRT-0096] Final congestion report:
Layer         Resource        Demand        Usage (%)    Max H / Max V / Total Overflow
---------------------------------------------------------------------------------------
li1                  0             0            0.00%             0 /  0 /  0
met1            288663         43939           15.22%             0 /  0 /  0
met2            288337         46989           16.30%             0 /  0 /  0
met3            200696          8621            4.30%             0 /  0 /  0
met4            103115          4364            4.23%             0 /  0 /  0
met5             31350           382            1.22%             0 /  0 /  0
---------------------------------------------------------------------------------------
Total           912161        104295           11.43%             0 /  0 /  0

[INFO GRT-0018] Total wirelength: 974155 um
[INFO GRT-0014] Routed nets: 16917
[INFO]: Setting RC values...
[INFO RSZ-0058] Using max wire length 4508um.
[INFO RSZ-0039] Resized 605 instances.
Placement Analysis
---------------------------------
total displacement        660.4 u
average displacement        0.0 u
max displacement            6.9 u
original HPWL          653443.4 u
legalized HPWL         663806.8 u
delta HPWL                    2 %

[INFO DPL-0020] Mirrored 7787 instances
[INFO DPL-0021] HPWL before          663806.8 u
[INFO DPL-0022] HPWL after           653711.4 u
[INFO DPL-0023] HPWL delta               -1.5 %
Setting global connections for newly added cells…
Writing OpenROAD database to '/openlane/designs/project/runs/RUN_2023.11.12_07.32.24/tmp/16-wrapper.odb'…
Writing netlist to '/openlane/designs/project/runs/RUN_2023.11.12_07.32.24/tmp/16-wrapper.nl.v'…
Writing powered netlist to '/openlane/designs/project/runs/RUN_2023.11.12_07.32.24/tmp/16-wrapper.pnl.v'…
Writing layout to '/openlane/designs/project/runs/RUN_2023.11.12_07.32.24/tmp/16-wrapper.def'…
Writing timing constraints to '/openlane/designs/project/runs/RUN_2023.11.12_07.32.24/tmp/16-wrapper.sdc'…
area_report

===========================================================================
report_design_area
============================================================================
Design area 517634 u^2 30% utilization.
area_report_end
