OpenROAD 0a6d0fd469bc674417036342994520ee2e0a2727 
This program is licensed under the BSD-3 license. See the LICENSE file for details.
Components of this program may be licensed under more restrictive licenses which must be honored.
[INFO]: Reading ODB at '/openlane/designs/project/runs/RUN_2023.11.12_07.32.24/tmp/routing/20-diodes.odb'…
define_corners Typical
read_liberty -corner Typical /openlane/designs/project/src/sky130_fd_sc_hd__tt_025C_1v80.lib
[WARNING STA-0060] /openlane/designs/project/src/sky130_fd_sc_hd__tt_025C_1v80.lib line 1, default_operating_condition OC not found.
read_liberty -corner Typical /openlane/designs/project/src/sky130_sram_1kbyte_1rw1r_32x256_8_TT_1p8V_25C.lib
Using 1e-12 for capacitance...
Using 1e+03 for resistance...
Using 1e-09 for time...
Using 1e+00 for voltage...
Using 1e-03 for current...
Using 1e-09 for power...
Using 1e-06 for distance...
Reading design constraints file at '/openlane/scripts/base.sdc'…
[INFO]: Setting output delay to: 5.0
[INFO]: Setting input delay to: 5.0
[INFO]: Setting load to: 0.033442
[INFO]: Setting clock uncertainty to: 0.25
[INFO]: Setting clock transition to: 0.15
[INFO]: Setting timing derate to: 5.0 %
Placement Analysis
---------------------------------
total displacement      30650.7 u
average displacement        0.6 u
max displacement           15.2 u
original HPWL          662748.3 u
legalized HPWL         676542.7 u
delta HPWL                    2 %

[INFO DPL-0020] Mirrored 10802 instances
[INFO DPL-0021] HPWL before          676542.7 u
[INFO DPL-0022] HPWL after           666400.6 u
[INFO DPL-0023] HPWL delta               -1.5 %
Setting global connections for newly added cells…
Writing OpenROAD database to '/openlane/designs/project/runs/RUN_2023.11.12_07.32.24/tmp/routing/./20-diodes_legalized.odb'…
Writing netlist to '/openlane/designs/project/runs/RUN_2023.11.12_07.32.24/tmp/routing/./20-diodes_legalized.nl.v'…
Writing powered netlist to '/openlane/designs/project/runs/RUN_2023.11.12_07.32.24/tmp/routing/./20-diodes_legalized.pnl.v'…
Writing layout to '/openlane/designs/project/runs/RUN_2023.11.12_07.32.24/tmp/routing/./20-diodes_legalized.def'…
