OpenROAD 0a6d0fd469bc674417036342994520ee2e0a2727 
This program is licensed under the BSD-3 license. See the LICENSE file for details.
Components of this program may be licensed under more restrictive licenses which must be honored.
[INFO]: Reading ODB at '/openlane/designs/project/runs/RUN_2023.11.12_07.32.24/tmp/routing/./20-diodes_legalized.odb'…
define_corners Typical
read_liberty -corner Typical /openlane/designs/project/src/sky130_fd_sc_hd__tt_025C_1v80.lib
[WARNING STA-0060] /openlane/designs/project/src/sky130_fd_sc_hd__tt_025C_1v80.lib line 1, default_operating_condition OC not found.
read_liberty -corner Typical /openlane/designs/project/src/sky130_sram_1kbyte_1rw1r_32x256_8_TT_1p8V_25C.lib
Using 1e-12 for capacitance...
Using 1e+03 for resistance...
Using 1e-09 for time...
Using 1e+00 for voltage...
Using 1e-03 for current...
Using 1e-09 for power...
Using 1e-06 for distance...
Reading design constraints file at '/openlane/scripts/base.sdc'…
[INFO]: Setting output delay to: 5.0
[INFO]: Setting input delay to: 5.0
[INFO]: Setting load to: 0.033442
[INFO]: Setting clock uncertainty to: 0.25
[INFO]: Setting clock transition to: 0.15
[INFO]: Setting timing derate to: 5.0 %
[INFO]: Setting signal min routing layer to: met1 and clock min routing layer to met1. 
[INFO]: Setting signal max routing layer to: met5 and clock max routing layer to met5. 
-congestion_iterations 150 -verbose -congestion_report_file /openlane/designs/project/runs/RUN_2023.11.12_07.32.24/tmp/routing/groute-congestion.rpt
[INFO GRT-0020] Min routing layer: met1
[INFO GRT-0021] Max routing layer: met5
[INFO GRT-0022] Global adjustment: 30%
[INFO GRT-0023] Grid origin: (0, 0)
[INFO GRT-0043] No OR_DEFAULT vias defined.
[INFO GRT-0088] Layer li1     Track-Pitch = 0.4600  line-2-Via Pitch: 0.3400
[INFO GRT-0088] Layer met1    Track-Pitch = 0.3400  line-2-Via Pitch: 0.3400
[INFO GRT-0088] Layer met2    Track-Pitch = 0.4600  line-2-Via Pitch: 0.3500
[INFO GRT-0088] Layer met3    Track-Pitch = 0.6800  line-2-Via Pitch: 0.6150
[INFO GRT-0088] Layer met4    Track-Pitch = 0.9200  line-2-Via Pitch: 1.0400
[INFO GRT-0088] Layer met5    Track-Pitch = 3.4000  line-2-Via Pitch: 3.1100
[INFO GRT-0019] Found 1312 clock nets.
[INFO GRT-0001] Minimum degree: 2
[INFO GRT-0002] Maximum degree: 29
[INFO GRT-0003] Macros: 2
[WARNING GRT-0040] Net vccd1 has wires outside die area.
[WARNING GRT-0040] Net vccd1 has wires outside die area.
[WARNING GRT-0040] Net vccd1 has wires outside die area.
[WARNING GRT-0040] Net vccd1 has wires outside die area.
[WARNING GRT-0040] Net vccd1 has wires outside die area.
[WARNING GRT-0040] Net vccd1 has wires outside die area.
[WARNING GRT-0040] Net vccd1 has wires outside die area.
[WARNING GRT-0040] Net vccd1 has wires outside die area.
[WARNING GRT-0040] Net vccd1 has wires outside die area.
[WARNING GRT-0040] Net vccd1 has wires outside die area.
[WARNING GRT-0040] Net vccd1 has wires outside die area.
[WARNING GRT-0040] Net vccd1 has wires outside die area.
[WARNING GRT-0040] Net vccd1 has wires outside die area.
[WARNING GRT-0040] Net vccd1 has wires outside die area.
[WARNING GRT-0040] Net vccd1 has wires outside die area.
[WARNING GRT-0040] Net vccd1 has wires outside die area.
[WARNING GRT-0040] Net vccd1 has wires outside die area.
[WARNING GRT-0040] Net vccd1 has wires outside die area.
[WARNING GRT-0040] Net vccd1 has wires outside die area.
[WARNING GRT-0040] Net vccd1 has wires outside die area.
[WARNING GRT-0040] Net vccd1 has wires outside die area.
[WARNING GRT-0040] Net vccd1 has wires outside die area.
[WARNING GRT-0040] Net vccd1 has wires outside die area.
[WARNING GRT-0040] Net vccd1 has wires outside die area.
[WARNING GRT-0040] Net vccd1 has wires outside die area.
[WARNING GRT-0040] Net vssd1 has wires outside die area.
[WARNING GRT-0040] Net vssd1 has wires outside die area.
[WARNING GRT-0040] Net vssd1 has wires outside die area.
[WARNING GRT-0040] Net vssd1 has wires outside die area.
[WARNING GRT-0040] Net vssd1 has wires outside die area.
[WARNING GRT-0040] Net vssd1 has wires outside die area.
[WARNING GRT-0040] Net vssd1 has wires outside die area.
[WARNING GRT-0040] Net vssd1 has wires outside die area.
[WARNING GRT-0040] Net vssd1 has wires outside die area.
[WARNING GRT-0040] Net vssd1 has wires outside die area.
[WARNING GRT-0040] Net vssd1 has wires outside die area.
[WARNING GRT-0040] Net vssd1 has wires outside die area.
[WARNING GRT-0040] Net vssd1 has wires outside die area.
[WARNING GRT-0040] Net vssd1 has wires outside die area.
[WARNING GRT-0040] Net vssd1 has wires outside die area.
[WARNING GRT-0040] Net vssd1 has wires outside die area.
[WARNING GRT-0040] Net vssd1 has wires outside die area.
[WARNING GRT-0040] Net vssd1 has wires outside die area.
[WARNING GRT-0040] Net vssd1 has wires outside die area.
[WARNING GRT-0040] Net vssd1 has wires outside die area.
[WARNING GRT-0040] Net vssd1 has wires outside die area.
[WARNING GRT-0040] Net vssd1 has wires outside die area.
[WARNING GRT-0040] Net vssd1 has wires outside die area.
[WARNING GRT-0040] Net vssd1 has wires outside die area.
[WARNING GRT-0040] Net vssd1 has wires outside die area.
[WARNING GRT-0040] Net VPWR has wires outside die area.
[WARNING GRT-0040] Net VPWR has wires outside die area.
[WARNING GRT-0040] Net VPWR has wires outside die area.
[WARNING GRT-0040] Net VPWR has wires outside die area.
[WARNING GRT-0040] Net VPWR has wires outside die area.
[WARNING GRT-0040] Net VPWR has wires outside die area.
[WARNING GRT-0040] Net VPWR has wires outside die area.
[WARNING GRT-0040] Net VPWR has wires outside die area.
[WARNING GRT-0040] Net VPWR has wires outside die area.
[WARNING GRT-0040] Net VPWR has wires outside die area.
[WARNING GRT-0040] Net VPWR has wires outside die area.
[WARNING GRT-0040] Net VPWR has wires outside die area.
[WARNING GRT-0040] Net VPWR has wires outside die area.
[WARNING GRT-0040] Net VPWR has wires outside die area.
[WARNING GRT-0040] Net VPWR has wires outside die area.
[WARNING GRT-0040] Net VPWR has wires outside die area.
[WARNING GRT-0040] Net VPWR has wires outside die area.
[WARNING GRT-0040] Net VPWR has wires outside die area.
[WARNING GRT-0040] Net VPWR has wires outside die area.
[WARNING GRT-0040] Net VPWR has wires outside die area.
[WARNING GRT-0040] Net VPWR has wires outside die area.
[WARNING GRT-0040] Net VPWR has wires outside die area.
[WARNING GRT-0040] Net VPWR has wires outside die area.
[WARNING GRT-0040] Net VPWR has wires outside die area.
[WARNING GRT-0040] Net VPWR has wires outside die area.
[WARNING GRT-0040] Net VGND has wires outside die area.
[WARNING GRT-0040] Net VGND has wires outside die area.
[WARNING GRT-0040] Net VGND has wires outside die area.
[WARNING GRT-0040] Net VGND has wires outside die area.
[WARNING GRT-0040] Net VGND has wires outside die area.
[WARNING GRT-0040] Net VGND has wires outside die area.
[WARNING GRT-0040] Net VGND has wires outside die area.
[WARNING GRT-0040] Net VGND has wires outside die area.
[WARNING GRT-0040] Net VGND has wires outside die area.
[WARNING GRT-0040] Net VGND has wires outside die area.
[WARNING GRT-0040] Net VGND has wires outside die area.
[WARNING GRT-0040] Net VGND has wires outside die area.
[WARNING GRT-0040] Net VGND has wires outside die area.
[WARNING GRT-0040] Net VGND has wires outside die area.
[WARNING GRT-0040] Net VGND has wires outside die area.
[WARNING GRT-0040] Net VGND has wires outside die area.
[WARNING GRT-0040] Net VGND has wires outside die area.
[WARNING GRT-0040] Net VGND has wires outside die area.
[WARNING GRT-0040] Net VGND has wires outside die area.
[WARNING GRT-0040] Net VGND has wires outside die area.
[WARNING GRT-0040] Net VGND has wires outside die area.
[WARNING GRT-0040] Net VGND has wires outside die area.
[WARNING GRT-0040] Net VGND has wires outside die area.
[WARNING GRT-0040] Net VGND has wires outside die area.
[WARNING GRT-0040] Net VGND has wires outside die area.
[WARNING GRT-0040] Net VPB has wires outside die area.
[WARNING GRT-0040] Net VPB has wires outside die area.
[WARNING GRT-0040] Net VPB has wires outside die area.
[WARNING GRT-0040] Net VPB has wires outside die area.
[WARNING GRT-0040] Net VPB has wires outside die area.
[WARNING GRT-0040] Net VPB has wires outside die area.
[WARNING GRT-0040] Net VPB has wires outside die area.
[WARNING GRT-0040] Net VPB has wires outside die area.
[WARNING GRT-0040] Net VPB has wires outside die area.
[WARNING GRT-0040] Net VPB has wires outside die area.
[WARNING GRT-0040] Net VPB has wires outside die area.
[WARNING GRT-0040] Net VPB has wires outside die area.
[WARNING GRT-0040] Net VPB has wires outside die area.
[WARNING GRT-0040] Net VPB has wires outside die area.
[WARNING GRT-0040] Net VPB has wires outside die area.
[WARNING GRT-0040] Net VPB has wires outside die area.
[WARNING GRT-0040] Net VPB has wires outside die area.
[WARNING GRT-0040] Net VPB has wires outside die area.
[WARNING GRT-0040] Net VPB has wires outside die area.
[WARNING GRT-0040] Net VPB has wires outside die area.
[WARNING GRT-0040] Net VPB has wires outside die area.
[WARNING GRT-0040] Net VPB has wires outside die area.
[WARNING GRT-0040] Net VPB has wires outside die area.
[WARNING GRT-0040] Net VPB has wires outside die area.
[WARNING GRT-0040] Net VPB has wires outside die area.
[WARNING GRT-0040] Net VNB has wires outside die area.
[WARNING GRT-0040] Net VNB has wires outside die area.
[WARNING GRT-0040] Net VNB has wires outside die area.
[WARNING GRT-0040] Net VNB has wires outside die area.
[WARNING GRT-0040] Net VNB has wires outside die area.
[WARNING GRT-0040] Net VNB has wires outside die area.
[WARNING GRT-0040] Net VNB has wires outside die area.
[WARNING GRT-0040] Net VNB has wires outside die area.
[WARNING GRT-0040] Net VNB has wires outside die area.
[WARNING GRT-0040] Net VNB has wires outside die area.
[WARNING GRT-0040] Net VNB has wires outside die area.
[WARNING GRT-0040] Net VNB has wires outside die area.
[WARNING GRT-0040] Net VNB has wires outside die area.
[WARNING GRT-0040] Net VNB has wires outside die area.
[WARNING GRT-0040] Net VNB has wires outside die area.
[WARNING GRT-0040] Net VNB has wires outside die area.
[WARNING GRT-0040] Net VNB has wires outside die area.
[WARNING GRT-0040] Net VNB has wires outside die area.
[WARNING GRT-0040] Net VNB has wires outside die area.
[WARNING GRT-0040] Net VNB has wires outside die area.
[WARNING GRT-0040] Net VNB has wires outside die area.
[WARNING GRT-0040] Net VNB has wires outside die area.
[WARNING GRT-0040] Net VNB has wires outside die area.
[WARNING GRT-0040] Net VNB has wires outside die area.
[WARNING GRT-0040] Net VNB has wires outside die area.
[INFO GRT-0004] Blockages: 18355

[INFO GRT-0053] Routing resources analysis:
          Routing      Original      Derated      Resource
Layer     Direction    Resources     Resources    Reduction (%)
---------------------------------------------------------------
li1        Vertical            0             0          0.00%
met1       Horizontal     737260        288661          60.85%
met2       Vertical       552945        288339          47.85%
met3       Horizontal     368630        200732          45.55%
met4       Vertical       221178        103197          53.34%
met5       Horizontal      73726         31350          57.48%
---------------------------------------------------------------

[INFO GRT-0101] Running extra iterations to remove overflow.
[INFO GRT-0197] Via related to pin nodes: 71822
[INFO GRT-0198] Via related Steiner nodes: 1737
[INFO GRT-0199] Via filling finished.
[INFO GRT-0111] Final number of vias: 80170
[INFO GRT-0112] Final usage 3D: 348969

[INFO GRT-0096] Final congestion report:
Layer         Resource        Demand        Usage (%)    Max H / Max V / Total Overflow
---------------------------------------------------------------------------------------
li1                  0             0            0.00%             0 /  0 /  0
met1            288661         45732           15.84%             0 /  0 /  0
met2            288339         47921           16.62%             0 /  0 /  0
met3            200732          9487            4.73%             0 /  0 /  0
met4            103197          4849            4.70%             0 /  0 /  0
met5             31350           470            1.50%             0 /  0 /  0
---------------------------------------------------------------------------------------
Total           912279        108459           11.89%             0 /  0 /  0

[INFO GRT-0018] Total wirelength: 1035110 um
[INFO GRT-0014] Routed nets: 17004
[INFO GRT-0006] Repairing antennas, iteration 1.
[INFO GRT-0043] No OR_DEFAULT vias defined.
[INFO GRT-0012] Found 27 antenna violations.
[INFO GRT-0015] Inserted 49 diodes.
[INFO GRT-0009] rerouting 12910 nets.
[INFO GRT-0001] Minimum degree: 2
[INFO GRT-0002] Maximum degree: 29
[INFO GRT-0006] Repairing antennas, iteration 2.
[INFO GRT-0043] No OR_DEFAULT vias defined.
[INFO GRT-0012] Found 6 antenna violations.
[INFO GRT-0015] Inserted 6 diodes.
[INFO GRT-0009] rerouting 64 nets.
[INFO GRT-0001] Minimum degree: 2
[INFO GRT-0002] Maximum degree: 23
[INFO GRT-0006] Repairing antennas, iteration 3.
[INFO GRT-0043] No OR_DEFAULT vias defined.
[INFO GRT-0012] Found 2 antenna violations.
[INFO GRT-0015] Inserted 2 diodes.
[INFO GRT-0009] rerouting 4 nets.
[INFO GRT-0001] Minimum degree: 12
[INFO GRT-0002] Maximum degree: 24
[INFO GRT-0006] Repairing antennas, iteration 4.
[INFO GRT-0043] No OR_DEFAULT vias defined.
[INFO GRT-0012] Found 1 antenna violations.
[INFO GRT-0015] Inserted 1 diodes.
[INFO GRT-0009] rerouting 2 nets.
[INFO GRT-0001] Minimum degree: 25
[INFO GRT-0002] Maximum degree: 25
[INFO GRT-0006] Repairing antennas, iteration 5.
[INFO GRT-0043] No OR_DEFAULT vias defined.
[INFO GRT-0012] Found 0 antenna violations.
[INFO GRT-0006] Repairing antennas, iteration 1.
[INFO GRT-0043] No OR_DEFAULT vias defined.
[INFO GRT-0012] Found 0 antenna violations.
Placement Analysis
---------------------------------
total displacement        182.0 u
average displacement        0.0 u
max displacement            4.6 u
original HPWL          676598.0 u
legalized HPWL         676616.1 u
delta HPWL                    0 %

[INFO DPL-0020] Mirrored 10804 instances
[INFO DPL-0021] HPWL before          676616.1 u
[INFO DPL-0022] HPWL after           666474.1 u
[INFO DPL-0023] HPWL delta               -1.5 %
[INFO]: Setting signal min routing layer to: met1 and clock min routing layer to met1. 
[INFO]: Setting signal max routing layer to: met5 and clock max routing layer to met5. 
-congestion_iterations 150 -verbose -congestion_report_file /openlane/designs/project/runs/RUN_2023.11.12_07.32.24/tmp/routing/groute-congestion.rpt
[INFO GRT-0020] Min routing layer: met1
[INFO GRT-0021] Max routing layer: met5
[INFO GRT-0022] Global adjustment: 30%
[INFO GRT-0023] Grid origin: (0, 0)
[INFO GRT-0043] No OR_DEFAULT vias defined.
[INFO GRT-0088] Layer li1     Track-Pitch = 0.4600  line-2-Via Pitch: 0.3400
[INFO GRT-0088] Layer met1    Track-Pitch = 0.3400  line-2-Via Pitch: 0.3400
[INFO GRT-0088] Layer met2    Track-Pitch = 0.4600  line-2-Via Pitch: 0.3500
[INFO GRT-0088] Layer met3    Track-Pitch = 0.6800  line-2-Via Pitch: 0.6150
[INFO GRT-0088] Layer met4    Track-Pitch = 0.9200  line-2-Via Pitch: 1.0400
[INFO GRT-0088] Layer met5    Track-Pitch = 3.4000  line-2-Via Pitch: 3.1100
[INFO GRT-0019] Found 1312 clock nets.
[INFO GRT-0001] Minimum degree: 2
[INFO GRT-0002] Maximum degree: 29
[INFO GRT-0003] Macros: 2
[WARNING GRT-0040] Net vccd1 has wires outside die area.
[WARNING GRT-0040] Net vccd1 has wires outside die area.
[WARNING GRT-0040] Net vccd1 has wires outside die area.
[WARNING GRT-0040] Net vccd1 has wires outside die area.
[WARNING GRT-0040] Net vccd1 has wires outside die area.
[WARNING GRT-0040] Net vccd1 has wires outside die area.
[WARNING GRT-0040] Net vccd1 has wires outside die area.
[WARNING GRT-0040] Net vccd1 has wires outside die area.
[WARNING GRT-0040] Net vccd1 has wires outside die area.
[WARNING GRT-0040] Net vccd1 has wires outside die area.
[WARNING GRT-0040] Net vccd1 has wires outside die area.
[WARNING GRT-0040] Net vccd1 has wires outside die area.
[WARNING GRT-0040] Net vccd1 has wires outside die area.
[WARNING GRT-0040] Net vccd1 has wires outside die area.
[WARNING GRT-0040] Net vccd1 has wires outside die area.
[WARNING GRT-0040] Net vccd1 has wires outside die area.
[WARNING GRT-0040] Net vccd1 has wires outside die area.
[WARNING GRT-0040] Net vccd1 has wires outside die area.
[WARNING GRT-0040] Net vccd1 has wires outside die area.
[WARNING GRT-0040] Net vccd1 has wires outside die area.
[WARNING GRT-0040] Net vccd1 has wires outside die area.
[WARNING GRT-0040] Net vccd1 has wires outside die area.
[WARNING GRT-0040] Net vccd1 has wires outside die area.
[WARNING GRT-0040] Net vccd1 has wires outside die area.
[WARNING GRT-0040] Net vccd1 has wires outside die area.
[WARNING GRT-0040] Net vssd1 has wires outside die area.
[WARNING GRT-0040] Net vssd1 has wires outside die area.
[WARNING GRT-0040] Net vssd1 has wires outside die area.
[WARNING GRT-0040] Net vssd1 has wires outside die area.
[WARNING GRT-0040] Net vssd1 has wires outside die area.
[WARNING GRT-0040] Net vssd1 has wires outside die area.
[WARNING GRT-0040] Net vssd1 has wires outside die area.
[WARNING GRT-0040] Net vssd1 has wires outside die area.
[WARNING GRT-0040] Net vssd1 has wires outside die area.
[WARNING GRT-0040] Net vssd1 has wires outside die area.
[WARNING GRT-0040] Net vssd1 has wires outside die area.
[WARNING GRT-0040] Net vssd1 has wires outside die area.
[WARNING GRT-0040] Net vssd1 has wires outside die area.
[WARNING GRT-0040] Net vssd1 has wires outside die area.
[WARNING GRT-0040] Net vssd1 has wires outside die area.
[WARNING GRT-0040] Net vssd1 has wires outside die area.
[WARNING GRT-0040] Net vssd1 has wires outside die area.
[WARNING GRT-0040] Net vssd1 has wires outside die area.
[WARNING GRT-0040] Net vssd1 has wires outside die area.
[WARNING GRT-0040] Net vssd1 has wires outside die area.
[WARNING GRT-0040] Net vssd1 has wires outside die area.
[WARNING GRT-0040] Net vssd1 has wires outside die area.
[WARNING GRT-0040] Net vssd1 has wires outside die area.
[WARNING GRT-0040] Net vssd1 has wires outside die area.
[WARNING GRT-0040] Net vssd1 has wires outside die area.
[WARNING GRT-0040] Net VPWR has wires outside die area.
[WARNING GRT-0040] Net VPWR has wires outside die area.
[WARNING GRT-0040] Net VPWR has wires outside die area.
[WARNING GRT-0040] Net VPWR has wires outside die area.
[WARNING GRT-0040] Net VPWR has wires outside die area.
[WARNING GRT-0040] Net VPWR has wires outside die area.
[WARNING GRT-0040] Net VPWR has wires outside die area.
[WARNING GRT-0040] Net VPWR has wires outside die area.
[WARNING GRT-0040] Net VPWR has wires outside die area.
[WARNING GRT-0040] Net VPWR has wires outside die area.
[WARNING GRT-0040] Net VPWR has wires outside die area.
[WARNING GRT-0040] Net VPWR has wires outside die area.
[WARNING GRT-0040] Net VPWR has wires outside die area.
[WARNING GRT-0040] Net VPWR has wires outside die area.
[WARNING GRT-0040] Net VPWR has wires outside die area.
[WARNING GRT-0040] Net VPWR has wires outside die area.
[WARNING GRT-0040] Net VPWR has wires outside die area.
[WARNING GRT-0040] Net VPWR has wires outside die area.
[WARNING GRT-0040] Net VPWR has wires outside die area.
[WARNING GRT-0040] Net VPWR has wires outside die area.
[WARNING GRT-0040] Net VPWR has wires outside die area.
[WARNING GRT-0040] Net VPWR has wires outside die area.
[WARNING GRT-0040] Net VPWR has wires outside die area.
[WARNING GRT-0040] Net VPWR has wires outside die area.
[WARNING GRT-0040] Net VPWR has wires outside die area.
[WARNING GRT-0040] Net VGND has wires outside die area.
[WARNING GRT-0040] Net VGND has wires outside die area.
[WARNING GRT-0040] Net VGND has wires outside die area.
[WARNING GRT-0040] Net VGND has wires outside die area.
[WARNING GRT-0040] Net VGND has wires outside die area.
[WARNING GRT-0040] Net VGND has wires outside die area.
[WARNING GRT-0040] Net VGND has wires outside die area.
[WARNING GRT-0040] Net VGND has wires outside die area.
[WARNING GRT-0040] Net VGND has wires outside die area.
[WARNING GRT-0040] Net VGND has wires outside die area.
[WARNING GRT-0040] Net VGND has wires outside die area.
[WARNING GRT-0040] Net VGND has wires outside die area.
[WARNING GRT-0040] Net VGND has wires outside die area.
[WARNING GRT-0040] Net VGND has wires outside die area.
[WARNING GRT-0040] Net VGND has wires outside die area.
[WARNING GRT-0040] Net VGND has wires outside die area.
[WARNING GRT-0040] Net VGND has wires outside die area.
[WARNING GRT-0040] Net VGND has wires outside die area.
[WARNING GRT-0040] Net VGND has wires outside die area.
[WARNING GRT-0040] Net VGND has wires outside die area.
[WARNING GRT-0040] Net VGND has wires outside die area.
[WARNING GRT-0040] Net VGND has wires outside die area.
[WARNING GRT-0040] Net VGND has wires outside die area.
[WARNING GRT-0040] Net VGND has wires outside die area.
[WARNING GRT-0040] Net VGND has wires outside die area.
[WARNING GRT-0040] Net VPB has wires outside die area.
[WARNING GRT-0040] Net VPB has wires outside die area.
[WARNING GRT-0040] Net VPB has wires outside die area.
[WARNING GRT-0040] Net VPB has wires outside die area.
[WARNING GRT-0040] Net VPB has wires outside die area.
[WARNING GRT-0040] Net VPB has wires outside die area.
[WARNING GRT-0040] Net VPB has wires outside die area.
[WARNING GRT-0040] Net VPB has wires outside die area.
[WARNING GRT-0040] Net VPB has wires outside die area.
[WARNING GRT-0040] Net VPB has wires outside die area.
[WARNING GRT-0040] Net VPB has wires outside die area.
[WARNING GRT-0040] Net VPB has wires outside die area.
[WARNING GRT-0040] Net VPB has wires outside die area.
[WARNING GRT-0040] Net VPB has wires outside die area.
[WARNING GRT-0040] Net VPB has wires outside die area.
[WARNING GRT-0040] Net VPB has wires outside die area.
[WARNING GRT-0040] Net VPB has wires outside die area.
[WARNING GRT-0040] Net VPB has wires outside die area.
[WARNING GRT-0040] Net VPB has wires outside die area.
[WARNING GRT-0040] Net VPB has wires outside die area.
[WARNING GRT-0040] Net VPB has wires outside die area.
[WARNING GRT-0040] Net VPB has wires outside die area.
[WARNING GRT-0040] Net VPB has wires outside die area.
[WARNING GRT-0040] Net VPB has wires outside die area.
[WARNING GRT-0040] Net VPB has wires outside die area.
[WARNING GRT-0040] Net VNB has wires outside die area.
[WARNING GRT-0040] Net VNB has wires outside die area.
[WARNING GRT-0040] Net VNB has wires outside die area.
[WARNING GRT-0040] Net VNB has wires outside die area.
[WARNING GRT-0040] Net VNB has wires outside die area.
[WARNING GRT-0040] Net VNB has wires outside die area.
[WARNING GRT-0040] Net VNB has wires outside die area.
[WARNING GRT-0040] Net VNB has wires outside die area.
[WARNING GRT-0040] Net VNB has wires outside die area.
[WARNING GRT-0040] Net VNB has wires outside die area.
[WARNING GRT-0040] Net VNB has wires outside die area.
[WARNING GRT-0040] Net VNB has wires outside die area.
[WARNING GRT-0040] Net VNB has wires outside die area.
[WARNING GRT-0040] Net VNB has wires outside die area.
[WARNING GRT-0040] Net VNB has wires outside die area.
[WARNING GRT-0040] Net VNB has wires outside die area.
[WARNING GRT-0040] Net VNB has wires outside die area.
[WARNING GRT-0040] Net VNB has wires outside die area.
[WARNING GRT-0040] Net VNB has wires outside die area.
[WARNING GRT-0040] Net VNB has wires outside die area.
[WARNING GRT-0040] Net VNB has wires outside die area.
[WARNING GRT-0040] Net VNB has wires outside die area.
[WARNING GRT-0040] Net VNB has wires outside die area.
[WARNING GRT-0040] Net VNB has wires outside die area.
[WARNING GRT-0040] Net VNB has wires outside die area.
[INFO GRT-0004] Blockages: 18355

[INFO GRT-0053] Routing resources analysis:
          Routing      Original      Derated      Resource
Layer     Direction    Resources     Resources    Reduction (%)
---------------------------------------------------------------
li1        Vertical            0             0          0.00%
met1       Horizontal     737260        288661          60.85%
met2       Vertical       552945        288339          47.85%
met3       Horizontal     368630        200732          45.55%
met4       Vertical       221178        103197          53.34%
met5       Horizontal      73726         31350          57.48%
---------------------------------------------------------------

[INFO GRT-0101] Running extra iterations to remove overflow.
[INFO GRT-0197] Via related to pin nodes: 71880
[INFO GRT-0198] Via related Steiner nodes: 1745
[INFO GRT-0199] Via filling finished.
[INFO GRT-0111] Final number of vias: 80215
[INFO GRT-0112] Final usage 3D: 349119

[INFO GRT-0096] Final congestion report:
Layer         Resource        Demand        Usage (%)    Max H / Max V / Total Overflow
---------------------------------------------------------------------------------------
li1                  0             0            0.00%             0 /  0 /  0
met1            288661         45682           15.83%             0 /  0 /  0
met2            288339         47922           16.62%             0 /  0 /  0
met3            200732          9580            4.77%             0 /  0 /  0
met4            103197          4867            4.72%             0 /  0 /  0
met5             31350           423            1.35%             0 /  0 /  0
---------------------------------------------------------------------------------------
Total           912279        108474           11.89%             0 /  0 /  0

[INFO GRT-0018] Total wirelength: 1035213 um
[INFO GRT-0014] Routed nets: 17004
[INFO GRT-0006] Repairing antennas, iteration 1.
[INFO GRT-0043] No OR_DEFAULT vias defined.
[INFO GRT-0012] Found 6 antenna violations.
[INFO GRT-0015] Inserted 6 diodes.
[INFO GRT-0009] rerouting 12903 nets.
[INFO GRT-0001] Minimum degree: 2
[INFO GRT-0002] Maximum degree: 29
[INFO GRT-0006] Repairing antennas, iteration 2.
[INFO GRT-0043] No OR_DEFAULT vias defined.
[INFO GRT-0012] Found 2 antenna violations.
[INFO GRT-0015] Inserted 2 diodes.
[INFO GRT-0009] rerouting 11 nets.
[INFO GRT-0001] Minimum degree: 6
[INFO GRT-0002] Maximum degree: 13
[INFO GRT-0006] Repairing antennas, iteration 3.
[INFO GRT-0043] No OR_DEFAULT vias defined.
[INFO GRT-0012] Found 0 antenna violations.
Setting global connections for newly added cells…
Writing OpenROAD database to '/openlane/designs/project/runs/RUN_2023.11.12_07.32.24/tmp/routing/22-global.odb'…
Writing layout to '/openlane/designs/project/runs/RUN_2023.11.12_07.32.24/tmp/routing/22-global.def'…
Writing routing guides to '/openlane/designs/project/runs/RUN_2023.11.12_07.32.24/tmp/routing/22-global.guide'…
